2014-08-21 10:58:19,518 [      0]   INFO - jps.cmdline.JpsModelLoaderImpl - Loading model: project path = C:/Users/subbu/scala-cucumber-webdriver-example, global options path = C:/Users/subbu/.IdeaIC13/config/options 
2014-08-21 10:58:22,322 [   2804]   INFO - jps.cmdline.JpsModelLoaderImpl - Model loaded in 2807 ms 
2014-08-21 10:58:22,322 [   2804]   INFO - jps.cmdline.JpsModelLoaderImpl - Project has 2 modules, 57 libraries 
2014-08-21 10:58:23,214 [   3696]   INFO - ellij.util.io.PagedFileStorage - lower=100; upper=200; buffer=10; max=631767040 
2014-08-21 10:58:23,407 [   3889]   INFO - penapi.util.io.win32.IdeaWin32 - Native filesystem for Windows is operational 
2014-08-21 10:58:26,497 [   6979]   INFO - .incremental.IncProjectBuilder - Building project; isRebuild:false; isMake:false parallel compilation:false 
2014-08-21 10:58:26,565 [   7047]   INFO - tal.scala.ScalaBuilderDelegate - scala: cannot find type of the previous incremental compiler, full rebuild may be required 
2014-08-21 10:58:26,579 [   7061]   INFO - tal.scala.ScalaBuilderDelegate - scala: cannot find type of the previous incremental compiler, full rebuild may be required 
2014-08-21 10:58:26,580 [   7062]   INFO - tal.scala.ScalaBuilderDelegate - scala: cannot find type of the previous incremental compiler, full rebuild may be required 
2014-08-21 10:58:26,581 [   7063]   INFO - r.api.ClassFilesIndicesBuilder - class files data index disabled 
2014-08-21 11:00:27,014 [ 127496]   INFO - tal.scala.ScalaBuilderDelegate - 

Running cached compiler 41620aeb, interfacing (CompilerInterface) with Scala compiler version 2.10.4
 
2014-08-21 11:00:27,017 [ 127499]   INFO - tal.scala.ScalaBuilderDelegate - 

Calling Scala compiler with arguments  (CompilerInterface):
	IntellijIdea.simpleAnalysis
	-encoding
	UTF-8
	-nobootcp
	-javabootclasspath
	;
	-g:vars
	-classpath
	C:\Program Files\java\jdk1.7.0_51\jre\lib\charsets.jar;C:\Program Files\java\jdk1.7.0_51\jre\lib\deploy.jar;C:\Program Files\java\jdk1.7.0_51\jre\lib\javaws.jar;C:\Program Files\java\jdk1.7.0_51\jre\lib\jce.jar;C:\Program Files\java\jdk1.7.0_51\jre\lib\jfr.jar;C:\Program Files\java\jdk1.7.0_51\jre\lib\jfxrt.jar;C:\Program Files\java\jdk1.7.0_51\jre\lib\jsse.jar;C:\Program Files\java\jdk1.7.0_51\jre\lib\management-agent.jar;C:\Program Files\java\jdk1.7.0_51\jre\lib\plugin.jar;C:\Program Files\ja...
 
2014-08-21 11:03:42,540 [      0]   INFO - jps.cmdline.JpsModelLoaderImpl - Loading model: project path = C:/Users/subbu/scala-cucumber-webdriver-example, global options path = C:/Users/subbu/.IdeaIC13/config/options 
2014-08-21 11:03:45,526 [   2986]   INFO - jps.cmdline.JpsModelLoaderImpl - Model loaded in 2989 ms 
2014-08-21 11:03:45,527 [   2987]   INFO - jps.cmdline.JpsModelLoaderImpl - Project has 2 modules, 57 libraries 
2014-08-21 11:03:46,066 [   3526]   INFO - ellij.util.io.PagedFileStorage - lower=100; upper=200; buffer=10; max=631767040 
2014-08-21 11:03:47,977 [   5437]   INFO - .incremental.IncProjectBuilder - Building project; isRebuild:false; isMake:true parallel compilation:false 
2014-08-21 11:03:48,034 [   5494]   INFO - tal.scala.ScalaBuilderDelegate - scala: cannot find type of the previous incremental compiler, full rebuild may be required 
2014-08-21 11:03:48,049 [   5509]   INFO - tal.scala.ScalaBuilderDelegate - scala: cannot find type of the previous incremental compiler, full rebuild may be required 
2014-08-21 11:03:48,050 [   5510]   INFO - tal.scala.ScalaBuilderDelegate - scala: cannot find type of the previous incremental compiler, full rebuild may be required 
2014-08-21 11:03:48,051 [   5511]   INFO - r.api.ClassFilesIndicesBuilder - class files data index disabled 
2014-08-21 11:03:48,223 [   5683]   INFO - penapi.util.io.win32.IdeaWin32 - Native filesystem for Windows is operational 
2014-08-21 11:03:49,976 [   7436]   INFO - tal.scala.ScalaBuilderDelegate - 

Running cached compiler 50b04f7b, interfacing (CompilerInterface) with Scala compiler version 2.10.4
 
2014-08-21 11:03:49,979 [   7439]   INFO - tal.scala.ScalaBuilderDelegate - 

Calling Scala compiler with arguments  (CompilerInterface):
	IntellijIdea.simpleAnalysis
	-encoding
	UTF-8
	-nobootcp
	-javabootclasspath
	;
	-g:vars
	-classpath
	C:\Program Files\java\jdk1.7.0_51\jre\lib\charsets.jar;C:\Program Files\java\jdk1.7.0_51\jre\lib\deploy.jar;C:\Program Files\java\jdk1.7.0_51\jre\lib\javaws.jar;C:\Program Files\java\jdk1.7.0_51\jre\lib\jce.jar;C:\Program Files\java\jdk1.7.0_51\jre\lib\jfr.jar;C:\Program Files\java\jdk1.7.0_51\jre\lib\jfxrt.jar;C:\Program Files\java\jdk1.7.0_51\jre\lib\jsse.jar;C:\Program Files\java\jdk1.7.0_51\jre\lib\management-agent.jar;C:\Program Files\java\jdk1.7.0_51\jre\lib\plugin.jar;C:\Program Files\ja...
 
2014-08-21 11:21:39,565 [      0]   INFO - jps.cmdline.JpsModelLoaderImpl - Loading model: project path = C:/Users/subbu/scala-cucumber-webdriver-example, global options path = C:/Users/subbu/.IdeaIC13/config/options 
2014-08-21 11:21:41,895 [   2330]   INFO - jps.cmdline.JpsModelLoaderImpl - Model loaded in 2333 ms 
2014-08-21 11:21:41,896 [   2331]   INFO - jps.cmdline.JpsModelLoaderImpl - Project has 2 modules, 57 libraries 
2014-08-21 11:21:42,397 [   2832]   INFO - ellij.util.io.PagedFileStorage - lower=100; upper=200; buffer=10; max=631767040 
2014-08-21 11:21:44,271 [   4706]   INFO - .incremental.IncProjectBuilder - Building project; isRebuild:false; isMake:true parallel compilation:false 
2014-08-21 11:21:44,324 [   4759]   INFO - tal.scala.ScalaBuilderDelegate - scala: cannot find type of the previous incremental compiler, full rebuild may be required 
2014-08-21 11:21:44,337 [   4772]   INFO - tal.scala.ScalaBuilderDelegate - scala: cannot find type of the previous incremental compiler, full rebuild may be required 
2014-08-21 11:21:44,338 [   4773]   INFO - tal.scala.ScalaBuilderDelegate - scala: cannot find type of the previous incremental compiler, full rebuild may be required 
2014-08-21 11:21:44,339 [   4774]   INFO - r.api.ClassFilesIndicesBuilder - class files data index disabled 
2014-08-21 11:21:45,683 [   6118]   INFO - tal.scala.ScalaBuilderDelegate - 

Running cached compiler 7591d3bc, interfacing (CompilerInterface) with Scala compiler version 2.10.4
 
2014-08-21 11:21:45,685 [   6120]   INFO - tal.scala.ScalaBuilderDelegate - 

Calling Scala compiler with arguments  (CompilerInterface):
	IntellijIdea.simpleAnalysis
	-encoding
	UTF-8
	-nobootcp
	-javabootclasspath
	;
	-g:vars
	-classpath
	C:\Program Files\java\jdk1.7.0_51\jre\lib\charsets.jar;C:\Program Files\java\jdk1.7.0_51\jre\lib\deploy.jar;C:\Program Files\java\jdk1.7.0_51\jre\lib\javaws.jar;C:\Program Files\java\jdk1.7.0_51\jre\lib\jce.jar;C:\Program Files\java\jdk1.7.0_51\jre\lib\jfr.jar;C:\Program Files\java\jdk1.7.0_51\jre\lib\jfxrt.jar;C:\Program Files\java\jdk1.7.0_51\jre\lib\jsse.jar;C:\Program Files\java\jdk1.7.0_51\jre\lib\management-agent.jar;C:\Program Files\java\jdk1.7.0_51\jre\lib\plugin.jar;C:\Program Files\ja...
 
2014-08-21 11:37:15,440 [      0]   INFO - jps.cmdline.JpsModelLoaderImpl - Loading model: project path = C:/Users/subbu/scala-cucumber-webdriver-example, global options path = C:/Users/subbu/.IdeaIC13/config/options 
2014-08-21 11:37:18,811 [   3371]   INFO - jps.cmdline.JpsModelLoaderImpl - Model loaded in 3375 ms 
2014-08-21 11:37:18,812 [   3372]   INFO - jps.cmdline.JpsModelLoaderImpl - Project has 2 modules, 57 libraries 
2014-08-21 11:37:19,565 [   4125]   INFO - ellij.util.io.PagedFileStorage - lower=100; upper=200; buffer=10; max=631767040 
2014-08-21 11:37:21,832 [   6392]   INFO - .incremental.IncProjectBuilder - Building project; isRebuild:false; isMake:true parallel compilation:false 
2014-08-21 11:37:21,897 [   6457]   INFO - tal.scala.ScalaBuilderDelegate - scala: cannot find type of the previous incremental compiler, full rebuild may be required 
2014-08-21 11:37:21,911 [   6471]   INFO - tal.scala.ScalaBuilderDelegate - scala: cannot find type of the previous incremental compiler, full rebuild may be required 
2014-08-21 11:37:21,911 [   6471]   INFO - tal.scala.ScalaBuilderDelegate - scala: cannot find type of the previous incremental compiler, full rebuild may be required 
2014-08-21 11:37:21,912 [   6472]   INFO - r.api.ClassFilesIndicesBuilder - class files data index disabled 
2014-08-21 11:37:24,055 [   8615]   INFO - tal.scala.ScalaBuilderDelegate - 

Running cached compiler 47733fd1, interfacing (CompilerInterface) with Scala compiler version 2.10.4
 
2014-08-21 11:37:24,066 [   8626]   INFO - tal.scala.ScalaBuilderDelegate - 

Calling Scala compiler with arguments  (CompilerInterface):
	IntellijIdea.simpleAnalysis
	-encoding
	UTF-8
	-nobootcp
	-javabootclasspath
	;
	-g:vars
	-classpath
	C:\Program Files\java\jdk1.7.0_51\jre\lib\charsets.jar;C:\Program Files\java\jdk1.7.0_51\jre\lib\deploy.jar;C:\Program Files\java\jdk1.7.0_51\jre\lib\javaws.jar;C:\Program Files\java\jdk1.7.0_51\jre\lib\jce.jar;C:\Program Files\java\jdk1.7.0_51\jre\lib\jfr.jar;C:\Program Files\java\jdk1.7.0_51\jre\lib\jfxrt.jar;C:\Program Files\java\jdk1.7.0_51\jre\lib\jsse.jar;C:\Program Files\java\jdk1.7.0_51\jre\lib\management-agent.jar;C:\Program Files\java\jdk1.7.0_51\jre\lib\plugin.jar;C:\Program Files\ja...
 
2014-08-21 19:41:27,539 [      0]   INFO - jps.cmdline.JpsModelLoaderImpl - Loading model: project path = C:/Users/subbu/Cucumber, global options path = C:/Users/subbu/.IdeaIC13/config/options 
2014-08-21 19:41:29,601 [   2062]   INFO - jps.cmdline.JpsModelLoaderImpl - Model loaded in 2063 ms 
2014-08-21 19:41:29,601 [   2062]   INFO - jps.cmdline.JpsModelLoaderImpl - Project has 1 modules, 0 libraries 
2014-08-21 19:41:30,232 [   2693]   INFO - ellij.util.io.PagedFileStorage - lower=100; upper=200; buffer=10; max=631767040 
2014-08-21 19:41:30,439 [   2900]   INFO - penapi.util.io.win32.IdeaWin32 - Native filesystem for Windows is operational 
2014-08-21 19:41:33,473 [   5934]   INFO - .incremental.IncProjectBuilder - Building project; isRebuild:true; isMake:false parallel compilation:false 
2014-08-21 19:41:33,528 [   5989]   INFO - r.api.ClassFilesIndicesBuilder - class files data index disabled 
2014-08-21 20:10:46,647 [      1]   INFO - jps.cmdline.JpsModelLoaderImpl - Loading model: project path = C:/Users/subbu/scala-cucumber-webdriver-example, global options path = C:/Users/subbu/.IdeaIC13/config/options 
2014-08-21 20:10:50,883 [   4237]   INFO - jps.cmdline.JpsModelLoaderImpl - Model loaded in 4240 ms 
2014-08-21 20:10:50,884 [   4238]   INFO - jps.cmdline.JpsModelLoaderImpl - Project has 2 modules, 57 libraries 
2014-08-21 20:10:52,079 [   5433]   INFO - ellij.util.io.PagedFileStorage - lower=100; upper=200; buffer=10; max=631767040 
2014-08-21 20:10:56,046 [   9400]   INFO - .incremental.IncProjectBuilder - Building project; isRebuild:false; isMake:true parallel compilation:false 
2014-08-21 20:10:56,174 [   9528]   INFO - tal.scala.ScalaBuilderDelegate - scala: cannot find type of the previous incremental compiler, full rebuild may be required 
2014-08-21 20:10:56,201 [   9555]   INFO - tal.scala.ScalaBuilderDelegate - scala: cannot find type of the previous incremental compiler, full rebuild may be required 
2014-08-21 20:10:56,202 [   9556]   INFO - tal.scala.ScalaBuilderDelegate - scala: cannot find type of the previous incremental compiler, full rebuild may be required 
2014-08-21 20:10:56,203 [   9557]   INFO - r.api.ClassFilesIndicesBuilder - class files data index disabled 
2014-08-21 20:10:56,726 [  10080]   INFO - penapi.util.io.win32.IdeaWin32 - Native filesystem for Windows is operational 
2014-08-21 20:11:12,114 [  25468]   INFO - tal.scala.ScalaBuilderDelegate - 

Running cached compiler 64b49aaa, interfacing (CompilerInterface) with Scala compiler version 2.10.4
 
2014-08-21 20:11:12,167 [  25521]   INFO - tal.scala.ScalaBuilderDelegate - 

Calling Scala compiler with arguments  (CompilerInterface):
	IntellijIdea.simpleAnalysis
	-encoding
	UTF-8
	-nobootcp
	-javabootclasspath
	;
	-g:vars
	-classpath
	C:\Program Files\java\jdk1.7.0_51\jre\lib\charsets.jar;C:\Program Files\java\jdk1.7.0_51\jre\lib\deploy.jar;C:\Program Files\java\jdk1.7.0_51\jre\lib\javaws.jar;C:\Program Files\java\jdk1.7.0_51\jre\lib\jce.jar;C:\Program Files\java\jdk1.7.0_51\jre\lib\jfr.jar;C:\Program Files\java\jdk1.7.0_51\jre\lib\jfxrt.jar;C:\Program Files\java\jdk1.7.0_51\jre\lib\jsse.jar;C:\Program Files\java\jdk1.7.0_51\jre\lib\management-agent.jar;C:\Program Files\java\jdk1.7.0_51\jre\lib\plugin.jar;C:\Program Files\ja...
 
2014-08-21 22:48:49,181 [      0]   INFO - jps.cmdline.JpsModelLoaderImpl - Loading model: project path = C:/Users/subbu/scala-cucumber-webdriver-example, global options path = C:/Users/subbu/.IdeaIC13/config/options 
2014-08-21 22:48:53,017 [   3836]   INFO - jps.cmdline.JpsModelLoaderImpl - Model loaded in 3839 ms 
2014-08-21 22:48:53,018 [   3837]   INFO - jps.cmdline.JpsModelLoaderImpl - Project has 2 modules, 57 libraries 
2014-08-21 22:48:54,277 [   5096]   INFO - ellij.util.io.PagedFileStorage - lower=100; upper=200; buffer=10; max=631767040 
2014-08-21 22:48:57,743 [   8562]   INFO - .incremental.IncProjectBuilder - Building project; isRebuild:false; isMake:true parallel compilation:false 
2014-08-21 22:48:57,841 [   8660]   INFO - tal.scala.ScalaBuilderDelegate - scala: cannot find type of the previous incremental compiler, full rebuild may be required 
2014-08-21 22:48:57,859 [   8678]   INFO - tal.scala.ScalaBuilderDelegate - scala: cannot find type of the previous incremental compiler, full rebuild may be required 
2014-08-21 22:48:57,860 [   8679]   INFO - tal.scala.ScalaBuilderDelegate - scala: cannot find type of the previous incremental compiler, full rebuild may be required 
2014-08-21 22:48:57,861 [   8680]   INFO - r.api.ClassFilesIndicesBuilder - class files data index disabled 
2014-08-21 22:48:58,363 [   9182]   INFO - penapi.util.io.win32.IdeaWin32 - Native filesystem for Windows is operational 
2014-08-21 22:49:12,064 [  22883]   INFO - tal.scala.ScalaBuilderDelegate - 

Running cached compiler 768808f0, interfacing (CompilerInterface) with Scala compiler version 2.10.4
 
2014-08-21 22:49:12,079 [  22898]   INFO - tal.scala.ScalaBuilderDelegate - 

Calling Scala compiler with arguments  (CompilerInterface):
	IntellijIdea.simpleAnalysis
	-encoding
	UTF-8
	-nobootcp
	-javabootclasspath
	;
	-g:vars
	-classpath
	C:\Program Files\java\jdk1.7.0_51\jre\lib\charsets.jar;C:\Program Files\java\jdk1.7.0_51\jre\lib\deploy.jar;C:\Program Files\java\jdk1.7.0_51\jre\lib\javaws.jar;C:\Program Files\java\jdk1.7.0_51\jre\lib\jce.jar;C:\Program Files\java\jdk1.7.0_51\jre\lib\jfr.jar;C:\Program Files\java\jdk1.7.0_51\jre\lib\jfxrt.jar;C:\Program Files\java\jdk1.7.0_51\jre\lib\jsse.jar;C:\Program Files\java\jdk1.7.0_51\jre\lib\management-agent.jar;C:\Program Files\java\jdk1.7.0_51\jre\lib\plugin.jar;C:\Program Files\ja...
 
2014-08-22 01:25:30,322 [      0]   INFO - jps.cmdline.JpsModelLoaderImpl - Loading model: project path = C:/Users/subbu/scala-cucumber-webdriver-example, global options path = C:/Users/subbu/.IdeaIC13/config/options 
2014-08-22 01:25:40,264 [   9942]   INFO - jps.cmdline.JpsModelLoaderImpl - Model loaded in 9946 ms 
2014-08-22 01:25:40,265 [   9943]   INFO - jps.cmdline.JpsModelLoaderImpl - Project has 2 modules, 57 libraries 
2014-08-22 01:25:43,468 [  13146]   INFO - ellij.util.io.PagedFileStorage - lower=100; upper=200; buffer=10; max=631767040 
2014-08-22 01:25:51,175 [  20853]   INFO - .incremental.IncProjectBuilder - Building project; isRebuild:false; isMake:true parallel compilation:false 
2014-08-22 01:25:51,405 [  21083]   INFO - tal.scala.ScalaBuilderDelegate - scala: cannot find type of the previous incremental compiler, full rebuild may be required 
2014-08-22 01:25:52,178 [  21856]   INFO - tal.scala.ScalaBuilderDelegate - scala: cannot find type of the previous incremental compiler, full rebuild may be required 
2014-08-22 01:25:52,179 [  21857]   INFO - tal.scala.ScalaBuilderDelegate - scala: cannot find type of the previous incremental compiler, full rebuild may be required 
2014-08-22 01:25:52,181 [  21859]   INFO - r.api.ClassFilesIndicesBuilder - class files data index disabled 
2014-08-22 01:25:56,963 [  26641]   INFO - penapi.util.io.win32.IdeaWin32 - Native filesystem for Windows is operational 
2014-08-22 01:26:12,784 [  42462]   INFO - tal.scala.ScalaBuilderDelegate - 

Running cached compiler 2a1f3166, interfacing (CompilerInterface) with Scala compiler version 2.10.4
 
2014-08-22 01:26:12,801 [  42479]   INFO - tal.scala.ScalaBuilderDelegate - 

Calling Scala compiler with arguments  (CompilerInterface):
	IntellijIdea.simpleAnalysis
	-encoding
	UTF-8
	-nobootcp
	-javabootclasspath
	;
	-g:vars
	-classpath
	C:\Program Files\java\jdk1.7.0_51\jre\lib\charsets.jar;C:\Program Files\java\jdk1.7.0_51\jre\lib\deploy.jar;C:\Program Files\java\jdk1.7.0_51\jre\lib\javaws.jar;C:\Program Files\java\jdk1.7.0_51\jre\lib\jce.jar;C:\Program Files\java\jdk1.7.0_51\jre\lib\jfr.jar;C:\Program Files\java\jdk1.7.0_51\jre\lib\jfxrt.jar;C:\Program Files\java\jdk1.7.0_51\jre\lib\jsse.jar;C:\Program Files\java\jdk1.7.0_51\jre\lib\management-agent.jar;C:\Program Files\java\jdk1.7.0_51\jre\lib\plugin.jar;C:\Program Files\ja...
 
2014-08-22 04:37:53,258 [      0]   INFO - jps.cmdline.JpsModelLoaderImpl - Loading model: project path = C:/Users/subbu/scala-cucumber-webdriver-example, global options path = C:/Users/subbu/.IdeaIC13/config/options 
2014-08-22 04:37:56,582 [   3324]   INFO - jps.cmdline.JpsModelLoaderImpl - Model loaded in 3326 ms 
2014-08-22 04:37:56,583 [   3325]   INFO - jps.cmdline.JpsModelLoaderImpl - Project has 2 modules, 57 libraries 
2014-08-22 04:37:57,396 [   4138]   INFO - ellij.util.io.PagedFileStorage - lower=100; upper=200; buffer=10; max=631767040 
2014-08-22 04:38:00,202 [   6944]   INFO - .incremental.IncProjectBuilder - Building project; isRebuild:false; isMake:true parallel compilation:false 
2014-08-22 04:38:00,262 [   7004]   INFO - tal.scala.ScalaBuilderDelegate - scala: cannot find type of the previous incremental compiler, full rebuild may be required 
2014-08-22 04:38:00,275 [   7017]   INFO - tal.scala.ScalaBuilderDelegate - scala: cannot find type of the previous incremental compiler, full rebuild may be required 
2014-08-22 04:38:00,276 [   7018]   INFO - tal.scala.ScalaBuilderDelegate - scala: cannot find type of the previous incremental compiler, full rebuild may be required 
2014-08-22 04:38:00,277 [   7019]   INFO - r.api.ClassFilesIndicesBuilder - class files data index disabled 
2014-08-22 04:38:00,701 [   7443]   INFO - penapi.util.io.win32.IdeaWin32 - Native filesystem for Windows is operational 
2014-08-22 04:38:04,886 [  11628]   INFO - tal.scala.ScalaBuilderDelegate - 

Running cached compiler 2a60a0aa, interfacing (CompilerInterface) with Scala compiler version 2.10.4
 
2014-08-22 04:38:04,892 [  11634]   INFO - tal.scala.ScalaBuilderDelegate - 

Calling Scala compiler with arguments  (CompilerInterface):
	IntellijIdea.simpleAnalysis
	-encoding
	UTF-8
	-nobootcp
	-javabootclasspath
	;
	-g:vars
	-classpath
	C:\Program Files\java\jdk1.7.0_51\jre\lib\charsets.jar;C:\Program Files\java\jdk1.7.0_51\jre\lib\deploy.jar;C:\Program Files\java\jdk1.7.0_51\jre\lib\javaws.jar;C:\Program Files\java\jdk1.7.0_51\jre\lib\jce.jar;C:\Program Files\java\jdk1.7.0_51\jre\lib\jfr.jar;C:\Program Files\java\jdk1.7.0_51\jre\lib\jfxrt.jar;C:\Program Files\java\jdk1.7.0_51\jre\lib\jsse.jar;C:\Program Files\java\jdk1.7.0_51\jre\lib\management-agent.jar;C:\Program Files\java\jdk1.7.0_51\jre\lib\plugin.jar;C:\Program Files\ja...
 
